<?xml version="1.0" encoding="UTF-8"?>
<testng-results ignored="0" total="4" passed="4" failed="0" skipped="0">
  <reporter-output>
  </reporter-output>
  <suite started-at="2022-12-10T10:51:10 CET" name="Suite" finished-at="2022-12-10T10:51:40 CET" duration-ms="29932">
    <groups>
    </groups>
    <test started-at="2022-12-10T10:51:10 CET" name="Regression Testing Release 1.3.1" finished-at="2022-12-10T10:51:40 CET" duration-ms="29932">
      <class name="tests.Test1">
        <test-method is-config="true" signature="beforeMethod(java.lang.String)[pri:0, instance:tests.Test1@82de64a]" started-at="2022-12-10T10:51:10 CET" name="beforeMethod" finished-at="2022-12-10T10:51:17 CET" duration-ms="6630" status="PASS">
          <params>
            <param index="0">
              <value>
                <![CDATA[chrome]]>
              </value>
            </param>
          </params>
          <reporter-output>
          </reporter-output>
        </test-method> <!-- beforeMethod -->
        <test-method signature="test1method1()[pri:0, instance:tests.Test1@82de64a]" started-at="2022-12-10T10:51:17 CET" name="test1method1" finished-at="2022-12-10T10:51:19 CET" duration-ms="1831" status="PASS">
          <reporter-output>
          </reporter-output>
        </test-method> <!-- test1method1 -->
        <test-method is-config="true" signature="afterMethod()[pri:0, instance:tests.Test1@82de64a]" started-at="2022-12-10T10:51:19 CET" name="afterMethod" finished-at="2022-12-10T10:51:20 CET" duration-ms="975" status="PASS">
          <reporter-output>
          </reporter-output>
        </test-method> <!-- afterMethod -->
        <test-method is-config="true" signature="beforeMethod(java.lang.String)[pri:0, instance:tests.Test1@82de64a]" started-at="2022-12-10T10:51:20 CET" name="beforeMethod" finished-at="2022-12-10T10:51:22 CET" duration-ms="2850" status="PASS">
          <params>
            <param index="0">
              <value>
                <![CDATA[chrome]]>
              </value>
            </param>
          </params>
          <reporter-output>
          </reporter-output>
        </test-method> <!-- beforeMethod -->
        <test-method signature="test1method2()[pri:0, instance:tests.Test1@82de64a]" started-at="2022-12-10T10:51:22 CET" name="test1method2" finished-at="2022-12-10T10:51:24 CET" duration-ms="1991" status="PASS">
          <reporter-output>
          </reporter-output>
        </test-method> <!-- test1method2 -->
        <test-method is-config="true" signature="afterMethod()[pri:0, instance:tests.Test1@82de64a]" started-at="2022-12-10T10:51:24 CET" name="afterMethod" finished-at="2022-12-10T10:51:25 CET" duration-ms="806" status="PASS">
          <reporter-output>
          </reporter-output>
        </test-method> <!-- afterMethod -->
        <test-method is-config="true" signature="beforeMethod(java.lang.String)[pri:0, instance:tests.Test1@82de64a]" started-at="2022-12-10T10:51:25 CET" name="beforeMethod" finished-at="2022-12-10T10:51:28 CET" duration-ms="2783" status="PASS">
          <params>
            <param index="0">
              <value>
                <![CDATA[chrome]]>
              </value>
            </param>
          </params>
          <reporter-output>
          </reporter-output>
        </test-method> <!-- beforeMethod -->
        <test-method signature="test1method3()[pri:0, instance:tests.Test1@82de64a]" started-at="2022-12-10T10:51:28 CET" name="test1method3" finished-at="2022-12-10T10:51:32 CET" duration-ms="3523" status="PASS">
          <reporter-output>
          </reporter-output>
        </test-method> <!-- test1method3 -->
        <test-method is-config="true" signature="afterMethod()[pri:0, instance:tests.Test1@82de64a]" started-at="2022-12-10T10:51:32 CET" name="afterMethod" finished-at="2022-12-10T10:51:32 CET" duration-ms="838" status="PASS">
          <reporter-output>
          </reporter-output>
        </test-method> <!-- afterMethod -->
        <test-method is-config="true" signature="beforeMethod(java.lang.String)[pri:0, instance:tests.Test1@82de64a]" started-at="2022-12-10T10:51:32 CET" name="beforeMethod" finished-at="2022-12-10T10:51:35 CET" duration-ms="2592" status="PASS">
          <params>
            <param index="0">
              <value>
                <![CDATA[chrome]]>
              </value>
            </param>
          </params>
          <reporter-output>
          </reporter-output>
        </test-method> <!-- beforeMethod -->
        <test-method signature="test1method4()[pri:0, instance:tests.Test1@82de64a]" started-at="2022-12-10T10:51:35 CET" name="test1method4" finished-at="2022-12-10T10:51:39 CET" duration-ms="4102" status="PASS">
          <reporter-output>
          </reporter-output>
        </test-method> <!-- test1method4 -->
        <test-method is-config="true" signature="afterMethod()[pri:0, instance:tests.Test1@82de64a]" started-at="2022-12-10T10:51:39 CET" name="afterMethod" finished-at="2022-12-10T10:51:40 CET" duration-ms="918" status="PASS">
          <reporter-output>
          </reporter-output>
        </test-method> <!-- afterMethod -->
      </class> <!-- tests.Test1 -->
    </test> <!-- Regression Testing Release 1.3.1 -->
  </suite> <!-- Suite -->
</testng-results>
