<?xml version="1.0" encoding="UTF-8"?>
<!-- Generated by org.testng.reporters.JUnitXMLReporter -->
<testsuite ignored="0" hostname="surendra" failures="0" tests="4" name="Regression Testing Release 1.3.1" time="29.932" errors="0" timestamp="2022-12-10T10:51:40 CET">
  <testcase classname="tests.Test1" name="test1method1" time="1.831"/>
  <testcase classname="tests.Test1" name="test1method2" time="1.991"/>
  <testcase classname="tests.Test1" name="test1method3" time="3.523"/>
  <testcase classname="tests.Test1" name="test1method4" time="4.102"/>
</testsuite> <!-- Regression Testing Release 1.3.1 -->
