<?xml version="1.0" encoding="UTF-8"?>
<!-- Generated by org.testng.reporters.JUnitXMLReporter -->
<testsuite ignored="0" hostname="surendra" failures="0" tests="5" name="TestWithChrome" time="48.443" errors="0" timestamp="2022-10-30T01:07:56 CEST">
  <testcase classname="basics.ParallelRun_Just2LocalDockers2" name="Test1" time="11.217"/>
  <testcase classname="basics.ParallelRun_Just2LocalDockers2" name="Test2" time="5.646"/>
  <testcase classname="basics.ParallelRun_Just2LocalDockers2" name="Test3" time="6.456"/>
  <testcase classname="basics.ParallelRun_Just2LocalDockers2" name="Test4" time="5.421"/>
  <testcase classname="basics.ParallelRun_Just2LocalDockers2" name="Test5" time="5.998"/>
</testsuite> <!-- TestWithChrome -->
