<?xml version="1.0" encoding="UTF-8"?>
<!-- Generated by org.testng.reporters.JUnitXMLReporter -->
<testsuite ignored="0" hostname="surendra" failures="0" tests="5" name="TestWithEdge" time="75.457" errors="0" timestamp="2022-10-30T01:09:12 CEST">
  <testcase classname="basics.ParallelRun_Just2LocalDockers2" name="Test1" time="3.949"/>
  <testcase classname="basics.ParallelRun_Just2LocalDockers2" name="Test2" time="4.362"/>
  <testcase classname="basics.ParallelRun_Just2LocalDockers2" name="Test3" time="6.553"/>
  <testcase classname="basics.ParallelRun_Just2LocalDockers2" name="Test4" time="6.237"/>
  <testcase classname="basics.ParallelRun_Just2LocalDockers2" name="Test5" time="5.579"/>
</testsuite> <!-- TestWithEdge -->
